{"D:\\Keploy\\Day-2\\Assignment_Project\\backend\\app.js": {"path":"D:\\Keploy\\Day-2\\Assignment_Project\\backend\\app.js","statementMap":{"0":{"start":{"line":1,"column":0},"end":{"line":1,"column":27}},"1":{"start":{"line":2,"column":16},"end":{"line":2,"column":34}},"2":{"start":{"line":3,"column":17},"end":{"line":3,"column":36}},"3":{"start":{"line":4,"column":13},"end":{"line":4,"column":28}},"4":{"start":{"line":6,"column":12},"end":{"line":6,"column":21}},"5":{"start":{"line":9,"column":0},"end":{"line":9,"column":16}},"6":{"start":{"line":10,"column":0},"end":{"line":10,"column":24}},"7":{"start":{"line":13,"column":0},"end":{"line":13,"column":47}},"8":{"start":{"line":14,"column":0},"end":{"line":14,"column":51}},"9":{"start":{"line":15,"column":0},"end":{"line":15,"column":57}},"10":{"start":{"line":16,"column":0},"end":{"line":16,"column":49}},"11":{"start":{"line":19,"column":0},"end":{"line":21,"column":3}},"12":{"start":{"line":20,"column":2},"end":{"line":20,"column":48}},"13":{"start":{"line":23,"column":0},"end":{"line":23,"column":21}}},"fnMap":{"0":{"name":"(anonymous_0)","decl":{"start":{"line":19,"column":13},"end":{"line":19,"column":14}},"loc":{"start":{"line":19,"column":27},"end":{"line":21,"column":1}},"line":19}},"branchMap":{},"s":{"0":8,"1":8,"2":8,"3":8,"4":8,"5":8,"6":8,"7":8,"8":8,"9":8,"10":8,"11":8,"12":0,"13":8},"f":{"0":0},"b":{},"_coverageSchema":"1a1c01bbd47fc00a2c39e90264f33305004495a9","hash":"2ba5e483d18d674cdb759eb377359ee268514090"}
,"D:\\Keploy\\Day-2\\Assignment_Project\\backend\\models\\Creature.js": {"path":"D:\\Keploy\\Day-2\\Assignment_Project\\backend\\models\\Creature.js","statementMap":{"0":{"start":{"line":1,"column":17},"end":{"line":1,"column":36}},"1":{"start":{"line":3,"column":23},"end":{"line":9,"column":2}},"2":{"start":{"line":11,"column":0},"end":{"line":11,"column":60}}},"fnMap":{},"branchMap":{},"s":{"0":10,"1":10,"2":10},"f":{},"b":{},"_coverageSchema":"1a1c01bbd47fc00a2c39e90264f33305004495a9","hash":"653d880e3498cbdfa239e7a87c3ea12d56dc5b12"}
,"D:\\Keploy\\Day-2\\Assignment_Project\\backend\\models\\God.js": {"path":"D:\\Keploy\\Day-2\\Assignment_Project\\backend\\models\\God.js","statementMap":{"0":{"start":{"line":1,"column":17},"end":{"line":1,"column":36}},"1":{"start":{"line":3,"column":18},"end":{"line":10,"column":2}},"2":{"start":{"line":12,"column":0},"end":{"line":12,"column":50}}},"fnMap":{},"branchMap":{},"s":{"0":10,"1":10,"2":10},"f":{},"b":{},"_coverageSchema":"1a1c01bbd47fc00a2c39e90264f33305004495a9","hash":"ac6ee9d443608fe67d6140211994a3e03a25eda5"}
,"D:\\Keploy\\Day-2\\Assignment_Project\\backend\\models\\Hero.js": {"path":"D:\\Keploy\\Day-2\\Assignment_Project\\backend\\models\\Hero.js","statementMap":{"0":{"start":{"line":1,"column":17},"end":{"line":1,"column":36}},"1":{"start":{"line":3,"column":19},"end":{"line":9,"column":2}},"2":{"start":{"line":11,"column":0},"end":{"line":11,"column":52}}},"fnMap":{},"branchMap":{},"s":{"0":10,"1":10,"2":10},"f":{},"b":{},"_coverageSchema":"1a1c01bbd47fc00a2c39e90264f33305004495a9","hash":"23716a252547ce3b73adae9d956d8d2915c28841"}
,"D:\\Keploy\\Day-2\\Assignment_Project\\backend\\models\\Myth.js": {"path":"D:\\Keploy\\Day-2\\Assignment_Project\\backend\\models\\Myth.js","statementMap":{"0":{"start":{"line":1,"column":17},"end":{"line":1,"column":36}},"1":{"start":{"line":3,"column":19},"end":{"line":10,"column":2}},"2":{"start":{"line":12,"column":0},"end":{"line":12,"column":52}}},"fnMap":{},"branchMap":{},"s":{"0":10,"1":10,"2":10},"f":{},"b":{},"_coverageSchema":"1a1c01bbd47fc00a2c39e90264f33305004495a9","hash":"6c0ad6acd3da5b2cf83f1a06176cc3dd3bfb425d"}
,"D:\\Keploy\\Day-2\\Assignment_Project\\backend\\routes\\creatures.js": {"path":"D:\\Keploy\\Day-2\\Assignment_Project\\backend\\routes\\creatures.js","statementMap":{"0":{"start":{"line":1,"column":16},"end":{"line":1,"column":34}},"1":{"start":{"line":2,"column":15},"end":{"line":2,"column":31}},"2":{"start":{"line":3,"column":17},"end":{"line":3,"column":46}},"3":{"start":{"line":6,"column":0},"end":{"line":13,"column":3}},"4":{"start":{"line":7,"column":2},"end":{"line":12,"column":3}},"5":{"start":{"line":8,"column":22},"end":{"line":8,"column":43}},"6":{"start":{"line":9,"column":4},"end":{"line":9,"column":24}},"7":{"start":{"line":11,"column":4},"end":{"line":11,"column":51}},"8":{"start":{"line":16,"column":0},"end":{"line":31,"column":3}},"9":{"start":{"line":17,"column":19},"end":{"line":23,"column":4}},"10":{"start":{"line":25,"column":2},"end":{"line":30,"column":3}},"11":{"start":{"line":26,"column":24},"end":{"line":26,"column":45}},"12":{"start":{"line":27,"column":4},"end":{"line":27,"column":38}},"13":{"start":{"line":29,"column":4},"end":{"line":29,"column":51}},"14":{"start":{"line":34,"column":0},"end":{"line":41,"column":3}},"15":{"start":{"line":35,"column":2},"end":{"line":40,"column":3}},"16":{"start":{"line":36,"column":28},"end":{"line":36,"column":100}},"17":{"start":{"line":37,"column":4},"end":{"line":37,"column":30}},"18":{"start":{"line":39,"column":4},"end":{"line":39,"column":51}},"19":{"start":{"line":44,"column":0},"end":{"line":51,"column":3}},"20":{"start":{"line":45,"column":2},"end":{"line":50,"column":3}},"21":{"start":{"line":46,"column":28},"end":{"line":46,"column":75}},"22":{"start":{"line":47,"column":4},"end":{"line":47,"column":69}},"23":{"start":{"line":49,"column":4},"end":{"line":49,"column":51}},"24":{"start":{"line":53,"column":0},"end":{"line":53,"column":24}}},"fnMap":{"0":{"name":"(anonymous_0)","decl":{"start":{"line":6,"column":16},"end":{"line":6,"column":17}},"loc":{"start":{"line":6,"column":36},"end":{"line":13,"column":1}},"line":6},"1":{"name":"(anonymous_1)","decl":{"start":{"line":16,"column":17},"end":{"line":16,"column":18}},"loc":{"start":{"line":16,"column":37},"end":{"line":31,"column":1}},"line":16},"2":{"name":"(anonymous_2)","decl":{"start":{"line":34,"column":19},"end":{"line":34,"column":20}},"loc":{"start":{"line":34,"column":39},"end":{"line":41,"column":1}},"line":34},"3":{"name":"(anonymous_3)","decl":{"start":{"line":44,"column":22},"end":{"line":44,"column":23}},"loc":{"start":{"line":44,"column":42},"end":{"line":51,"column":1}},"line":44}},"branchMap":{},"s":{"0":8,"1":8,"2":8,"3":8,"4":2,"5":2,"6":2,"7":0,"8":8,"9":2,"10":2,"11":2,"12":2,"13":0,"14":8,"15":1,"16":1,"17":1,"18":0,"19":8,"20":1,"21":1,"22":1,"23":0,"24":8},"f":{"0":2,"1":2,"2":1,"3":1},"b":{},"_coverageSchema":"1a1c01bbd47fc00a2c39e90264f33305004495a9","hash":"7d0246093b1387b517e4caec85750ea4755debbc"}
,"D:\\Keploy\\Day-2\\Assignment_Project\\backend\\routes\\gods.js": {"path":"D:\\Keploy\\Day-2\\Assignment_Project\\backend\\routes\\gods.js","statementMap":{"0":{"start":{"line":1,"column":16},"end":{"line":1,"column":34}},"1":{"start":{"line":2,"column":15},"end":{"line":2,"column":31}},"2":{"start":{"line":3,"column":12},"end":{"line":3,"column":36}},"3":{"start":{"line":6,"column":0},"end":{"line":13,"column":3}},"4":{"start":{"line":7,"column":2},"end":{"line":12,"column":3}},"5":{"start":{"line":8,"column":17},"end":{"line":8,"column":33}},"6":{"start":{"line":9,"column":4},"end":{"line":9,"column":19}},"7":{"start":{"line":11,"column":4},"end":{"line":11,"column":51}},"8":{"start":{"line":16,"column":0},"end":{"line":32,"column":3}},"9":{"start":{"line":17,"column":14},"end":{"line":24,"column":4}},"10":{"start":{"line":26,"column":2},"end":{"line":31,"column":3}},"11":{"start":{"line":27,"column":19},"end":{"line":27,"column":35}},"12":{"start":{"line":28,"column":4},"end":{"line":28,"column":33}},"13":{"start":{"line":30,"column":4},"end":{"line":30,"column":51}},"14":{"start":{"line":35,"column":0},"end":{"line":42,"column":3}},"15":{"start":{"line":36,"column":2},"end":{"line":41,"column":3}},"16":{"start":{"line":37,"column":23},"end":{"line":37,"column":90}},"17":{"start":{"line":38,"column":4},"end":{"line":38,"column":25}},"18":{"start":{"line":40,"column":4},"end":{"line":40,"column":51}},"19":{"start":{"line":45,"column":0},"end":{"line":52,"column":3}},"20":{"start":{"line":46,"column":2},"end":{"line":51,"column":3}},"21":{"start":{"line":47,"column":23},"end":{"line":47,"column":65}},"22":{"start":{"line":48,"column":4},"end":{"line":48,"column":59}},"23":{"start":{"line":50,"column":4},"end":{"line":50,"column":51}},"24":{"start":{"line":54,"column":0},"end":{"line":54,"column":24}}},"fnMap":{"0":{"name":"(anonymous_0)","decl":{"start":{"line":6,"column":16},"end":{"line":6,"column":17}},"loc":{"start":{"line":6,"column":36},"end":{"line":13,"column":1}},"line":6},"1":{"name":"(anonymous_1)","decl":{"start":{"line":16,"column":17},"end":{"line":16,"column":18}},"loc":{"start":{"line":16,"column":37},"end":{"line":32,"column":1}},"line":16},"2":{"name":"(anonymous_2)","decl":{"start":{"line":35,"column":19},"end":{"line":35,"column":20}},"loc":{"start":{"line":35,"column":39},"end":{"line":42,"column":1}},"line":35},"3":{"name":"(anonymous_3)","decl":{"start":{"line":45,"column":22},"end":{"line":45,"column":23}},"loc":{"start":{"line":45,"column":42},"end":{"line":52,"column":1}},"line":45}},"branchMap":{},"s":{"0":8,"1":8,"2":8,"3":8,"4":2,"5":2,"6":2,"7":0,"8":8,"9":2,"10":2,"11":2,"12":2,"13":0,"14":8,"15":1,"16":1,"17":1,"18":0,"19":8,"20":1,"21":1,"22":1,"23":0,"24":8},"f":{"0":2,"1":2,"2":1,"3":1},"b":{},"_coverageSchema":"1a1c01bbd47fc00a2c39e90264f33305004495a9","hash":"84a6f1bf9b16df8176ef6674a6848bd4728026b3"}
,"D:\\Keploy\\Day-2\\Assignment_Project\\backend\\routes\\heroes.js": {"path":"D:\\Keploy\\Day-2\\Assignment_Project\\backend\\routes\\heroes.js","statementMap":{"0":{"start":{"line":1,"column":16},"end":{"line":1,"column":34}},"1":{"start":{"line":2,"column":15},"end":{"line":2,"column":31}},"2":{"start":{"line":3,"column":13},"end":{"line":3,"column":38}},"3":{"start":{"line":6,"column":0},"end":{"line":13,"column":3}},"4":{"start":{"line":7,"column":2},"end":{"line":12,"column":3}},"5":{"start":{"line":8,"column":19},"end":{"line":8,"column":36}},"6":{"start":{"line":9,"column":4},"end":{"line":9,"column":21}},"7":{"start":{"line":11,"column":4},"end":{"line":11,"column":51}},"8":{"start":{"line":16,"column":0},"end":{"line":31,"column":3}},"9":{"start":{"line":17,"column":15},"end":{"line":23,"column":4}},"10":{"start":{"line":25,"column":2},"end":{"line":30,"column":3}},"11":{"start":{"line":26,"column":20},"end":{"line":26,"column":37}},"12":{"start":{"line":27,"column":4},"end":{"line":27,"column":34}},"13":{"start":{"line":29,"column":4},"end":{"line":29,"column":51}},"14":{"start":{"line":34,"column":0},"end":{"line":41,"column":3}},"15":{"start":{"line":35,"column":2},"end":{"line":40,"column":3}},"16":{"start":{"line":36,"column":24},"end":{"line":36,"column":92}},"17":{"start":{"line":37,"column":4},"end":{"line":37,"column":26}},"18":{"start":{"line":39,"column":4},"end":{"line":39,"column":51}},"19":{"start":{"line":44,"column":0},"end":{"line":51,"column":3}},"20":{"start":{"line":45,"column":2},"end":{"line":50,"column":3}},"21":{"start":{"line":46,"column":24},"end":{"line":46,"column":67}},"22":{"start":{"line":47,"column":4},"end":{"line":47,"column":61}},"23":{"start":{"line":49,"column":4},"end":{"line":49,"column":51}},"24":{"start":{"line":53,"column":0},"end":{"line":53,"column":24}}},"fnMap":{"0":{"name":"(anonymous_0)","decl":{"start":{"line":6,"column":16},"end":{"line":6,"column":17}},"loc":{"start":{"line":6,"column":36},"end":{"line":13,"column":1}},"line":6},"1":{"name":"(anonymous_1)","decl":{"start":{"line":16,"column":17},"end":{"line":16,"column":18}},"loc":{"start":{"line":16,"column":37},"end":{"line":31,"column":1}},"line":16},"2":{"name":"(anonymous_2)","decl":{"start":{"line":34,"column":19},"end":{"line":34,"column":20}},"loc":{"start":{"line":34,"column":39},"end":{"line":41,"column":1}},"line":34},"3":{"name":"(anonymous_3)","decl":{"start":{"line":44,"column":22},"end":{"line":44,"column":23}},"loc":{"start":{"line":44,"column":42},"end":{"line":51,"column":1}},"line":44}},"branchMap":{},"s":{"0":8,"1":8,"2":8,"3":8,"4":2,"5":2,"6":2,"7":0,"8":8,"9":2,"10":2,"11":2,"12":2,"13":0,"14":8,"15":1,"16":1,"17":1,"18":0,"19":8,"20":1,"21":1,"22":1,"23":0,"24":8},"f":{"0":2,"1":2,"2":1,"3":1},"b":{},"_coverageSchema":"1a1c01bbd47fc00a2c39e90264f33305004495a9","hash":"86613dc52f6c39ec3cae0b33b8328a6909920eed"}
,"D:\\Keploy\\Day-2\\Assignment_Project\\backend\\routes\\myths.js": {"path":"D:\\Keploy\\Day-2\\Assignment_Project\\backend\\routes\\myths.js","statementMap":{"0":{"start":{"line":1,"column":16},"end":{"line":1,"column":34}},"1":{"start":{"line":2,"column":15},"end":{"line":2,"column":31}},"2":{"start":{"line":3,"column":13},"end":{"line":3,"column":38}},"3":{"start":{"line":6,"column":0},"end":{"line":13,"column":3}},"4":{"start":{"line":7,"column":2},"end":{"line":12,"column":3}},"5":{"start":{"line":8,"column":18},"end":{"line":8,"column":35}},"6":{"start":{"line":9,"column":4},"end":{"line":9,"column":20}},"7":{"start":{"line":11,"column":4},"end":{"line":11,"column":51}},"8":{"start":{"line":16,"column":0},"end":{"line":32,"column":3}},"9":{"start":{"line":17,"column":15},"end":{"line":24,"column":4}},"10":{"start":{"line":26,"column":2},"end":{"line":31,"column":3}},"11":{"start":{"line":27,"column":20},"end":{"line":27,"column":37}},"12":{"start":{"line":28,"column":4},"end":{"line":28,"column":34}},"13":{"start":{"line":30,"column":4},"end":{"line":30,"column":51}},"14":{"start":{"line":35,"column":0},"end":{"line":42,"column":3}},"15":{"start":{"line":36,"column":2},"end":{"line":41,"column":3}},"16":{"start":{"line":37,"column":24},"end":{"line":37,"column":92}},"17":{"start":{"line":38,"column":4},"end":{"line":38,"column":26}},"18":{"start":{"line":40,"column":4},"end":{"line":40,"column":51}},"19":{"start":{"line":45,"column":0},"end":{"line":52,"column":3}},"20":{"start":{"line":46,"column":2},"end":{"line":51,"column":3}},"21":{"start":{"line":47,"column":24},"end":{"line":47,"column":67}},"22":{"start":{"line":48,"column":4},"end":{"line":48,"column":61}},"23":{"start":{"line":50,"column":4},"end":{"line":50,"column":51}},"24":{"start":{"line":54,"column":0},"end":{"line":54,"column":24}}},"fnMap":{"0":{"name":"(anonymous_0)","decl":{"start":{"line":6,"column":16},"end":{"line":6,"column":17}},"loc":{"start":{"line":6,"column":36},"end":{"line":13,"column":1}},"line":6},"1":{"name":"(anonymous_1)","decl":{"start":{"line":16,"column":17},"end":{"line":16,"column":18}},"loc":{"start":{"line":16,"column":37},"end":{"line":32,"column":1}},"line":16},"2":{"name":"(anonymous_2)","decl":{"start":{"line":35,"column":19},"end":{"line":35,"column":20}},"loc":{"start":{"line":35,"column":39},"end":{"line":42,"column":1}},"line":35},"3":{"name":"(anonymous_3)","decl":{"start":{"line":45,"column":22},"end":{"line":45,"column":23}},"loc":{"start":{"line":45,"column":42},"end":{"line":52,"column":1}},"line":45}},"branchMap":{},"s":{"0":8,"1":8,"2":8,"3":8,"4":2,"5":2,"6":2,"7":0,"8":8,"9":2,"10":2,"11":2,"12":2,"13":0,"14":8,"15":1,"16":1,"17":1,"18":0,"19":8,"20":1,"21":1,"22":1,"23":0,"24":8},"f":{"0":2,"1":2,"2":1,"3":1},"b":{},"_coverageSchema":"1a1c01bbd47fc00a2c39e90264f33305004495a9","hash":"dd24b00a47b16cccaac5d48ee156ee39588e3442"}
,"D:\\Keploy\\Day-2\\Assignment_Project\\backend\\tests\\setup.js": {"path":"D:\\Keploy\\Day-2\\Assignment_Project\\backend\\tests\\setup.js","statementMap":{"0":{"start":{"line":1,"column":17},"end":{"line":1,"column":36}},"1":{"start":{"line":2,"column":30},"end":{"line":2,"column":62}},"2":{"start":{"line":6,"column":0},"end":{"line":10,"column":2}},"3":{"start":{"line":7,"column":2},"end":{"line":7,"column":49}},"4":{"start":{"line":8,"column":14},"end":{"line":8,"column":34}},"5":{"start":{"line":9,"column":2},"end":{"line":9,"column":83}},"6":{"start":{"line":12,"column":0},"end":{"line":14,"column":2}},"7":{"start":{"line":13,"column":2},"end":{"line":13,"column":43}},"8":{"start":{"line":16,"column":0},"end":{"line":19,"column":2}},"9":{"start":{"line":17,"column":2},"end":{"line":17,"column":30}},"10":{"start":{"line":18,"column":2},"end":{"line":18,"column":27}}},"fnMap":{"0":{"name":"(anonymous_0)","decl":{"start":{"line":6,"column":25},"end":{"line":6,"column":26}},"loc":{"start":{"line":6,"column":37},"end":{"line":10,"column":1}},"line":6},"1":{"name":"(anonymous_1)","decl":{"start":{"line":12,"column":25},"end":{"line":12,"column":26}},"loc":{"start":{"line":12,"column":37},"end":{"line":14,"column":1}},"line":12},"2":{"name":"(anonymous_2)","decl":{"start":{"line":16,"column":28},"end":{"line":16,"column":29}},"loc":{"start":{"line":16,"column":40},"end":{"line":19,"column":1}},"line":16}},"branchMap":{},"s":{"0":4,"1":4,"2":4,"3":4,"4":4,"5":4,"6":4,"7":8,"8":4,"9":4,"10":4},"f":{"0":4,"1":8,"2":4},"b":{},"_coverageSchema":"1a1c01bbd47fc00a2c39e90264f33305004495a9","hash":"5dfd4a4d7c62091ead9ff9bedc716382361239f2"}
}
