TN:
SF:app.js
FN:19,(anonymous_0)
FNF:1
FNH:0
FNDA:0,(anonymous_0)
DA:1,8
DA:2,8
DA:3,8
DA:4,8
DA:6,8
DA:9,8
DA:10,8
DA:13,8
DA:14,8
DA:15,8
DA:16,8
DA:19,8
DA:20,0
DA:23,8
LF:14
LH:13
BRF:0
BRH:0
end_of_record
TN:
SF:models\Creature.js
FNF:0
FNH:0
DA:1,10
DA:3,10
DA:11,10
LF:3
LH:3
BRF:0
BRH:0
end_of_record
TN:
SF:models\God.js
FNF:0
FNH:0
DA:1,10
DA:3,10
DA:12,10
LF:3
LH:3
BRF:0
BRH:0
end_of_record
TN:
SF:models\Hero.js
FNF:0
FNH:0
DA:1,10
DA:3,10
DA:11,10
LF:3
LH:3
BRF:0
BRH:0
end_of_record
TN:
SF:models\Myth.js
FNF:0
FNH:0
DA:1,10
DA:3,10
DA:12,10
LF:3
LH:3
BRF:0
BRH:0
end_of_record
TN:
SF:routes\creatures.js
FN:6,(anonymous_0)
FN:16,(anonymous_1)
FN:34,(anonymous_2)
FN:44,(anonymous_3)
FNF:4
FNH:4
FNDA:2,(anonymous_0)
FNDA:2,(anonymous_1)
FNDA:1,(anonymous_2)
FNDA:1,(anonymous_3)
DA:1,8
DA:2,8
DA:3,8
DA:6,8
DA:7,2
DA:8,2
DA:9,2
DA:11,0
DA:16,8
DA:17,2
DA:25,2
DA:26,2
DA:27,2
DA:29,0
DA:34,8
DA:35,1
DA:36,1
DA:37,1
DA:39,0
DA:44,8
DA:45,1
DA:46,1
DA:47,1
DA:49,0
DA:53,8
LF:25
LH:21
BRF:0
BRH:0
end_of_record
TN:
SF:routes\gods.js
FN:6,(anonymous_0)
FN:16,(anonymous_1)
FN:35,(anonymous_2)
FN:45,(anonymous_3)
FNF:4
FNH:4
FNDA:2,(anonymous_0)
FNDA:2,(anonymous_1)
FNDA:1,(anonymous_2)
FNDA:1,(anonymous_3)
DA:1,8
DA:2,8
DA:3,8
DA:6,8
DA:7,2
DA:8,2
DA:9,2
DA:11,0
DA:16,8
DA:17,2
DA:26,2
DA:27,2
DA:28,2
DA:30,0
DA:35,8
DA:36,1
DA:37,1
DA:38,1
DA:40,0
DA:45,8
DA:46,1
DA:47,1
DA:48,1
DA:50,0
DA:54,8
LF:25
LH:21
BRF:0
BRH:0
end_of_record
TN:
SF:routes\heroes.js
FN:6,(anonymous_0)
FN:16,(anonymous_1)
FN:34,(anonymous_2)
FN:44,(anonymous_3)
FNF:4
FNH:4
FNDA:2,(anonymous_0)
FNDA:2,(anonymous_1)
FNDA:1,(anonymous_2)
FNDA:1,(anonymous_3)
DA:1,8
DA:2,8
DA:3,8
DA:6,8
DA:7,2
DA:8,2
DA:9,2
DA:11,0
DA:16,8
DA:17,2
DA:25,2
DA:26,2
DA:27,2
DA:29,0
DA:34,8
DA:35,1
DA:36,1
DA:37,1
DA:39,0
DA:44,8
DA:45,1
DA:46,1
DA:47,1
DA:49,0
DA:53,8
LF:25
LH:21
BRF:0
BRH:0
end_of_record
TN:
SF:routes\myths.js
FN:6,(anonymous_0)
FN:16,(anonymous_1)
FN:35,(anonymous_2)
FN:45,(anonymous_3)
FNF:4
FNH:4
FNDA:2,(anonymous_0)
FNDA:2,(anonymous_1)
FNDA:1,(anonymous_2)
FNDA:1,(anonymous_3)
DA:1,8
DA:2,8
DA:3,8
DA:6,8
DA:7,2
DA:8,2
DA:9,2
DA:11,0
DA:16,8
DA:17,2
DA:26,2
DA:27,2
DA:28,2
DA:30,0
DA:35,8
DA:36,1
DA:37,1
DA:38,1
DA:40,0
DA:45,8
DA:46,1
DA:47,1
DA:48,1
DA:50,0
DA:54,8
LF:25
LH:21
BRF:0
BRH:0
end_of_record
TN:
SF:tests\setup.js
FN:6,(anonymous_0)
FN:12,(anonymous_1)
FN:16,(anonymous_2)
FNF:3
FNH:3
FNDA:4,(anonymous_0)
FNDA:8,(anonymous_1)
FNDA:4,(anonymous_2)
DA:1,4
DA:2,4
DA:6,4
DA:7,4
DA:8,4
DA:9,4
DA:12,4
DA:13,8
DA:16,4
DA:17,4
DA:18,4
LF:11
LH:11
BRF:0
BRH:0
end_of_record
